This is pdfTeX, Version 3.1415926-1.40.10 (TeX Live 2009/Debian) (format=pdflatex 2014.7.25)  4 DEC 2015 22:35
entering extended mode
 %&-line parsing enabled.
**uwmthesis.cls
(./uwmthesis.cls
LaTeX2e <2009/09/24>
Babel <v3.8l> and hyphenation patterns for english, usenglishmax, dumylang, noh
yphenation, loaded.

LaTeX Warning: You have requested package `',
               but the package provides `uwmthesis'.

Package: uwmthesis 
(./mwbk.cls
Document Class: mwbk 2009/09/27 v0.74 A LaTeX document class (MW)
*** Beta version. Formatting may change
*** in future versions of this class.

! LaTeX Error: File `mwbk12.clo' not found.

Type X to quit or <RETURN> to proceed,
or enter new name. (Default extension: clo)

Enter file name: 
! Emergency stop.
<read *> 
         
l.145 \input{mwbk\@basesize.clo}
                                ^^M
*** (cannot \read from terminal in nonstop modes)

 
Here is how much of TeX's memory you used:
 105 strings out of 495061
 1230 string characters out of 1182621
 45909 words of memory out of 3000000
 3376 multiletter control sequences out of 15000+50000
 3640 words of font info for 14 fonts, out of 3000000 for 9000
 28 hyphenation exceptions out of 8191
 21i,0n,19p,150b,10s stack positions out of 5000i,500n,10000p,200000b,50000s
!  ==> Fatal error occurred, no output PDF file produced!
